<?xml version="1.0" encoding="UTF-8"?>
<!-- Generated by org.testng.reporters.JUnitXMLReporter -->
<testsuite hostname="surapaneni" ignored="1" name="Test" tests="12" failures="3" timestamp="2020-10-14T13:19:11 IST" time="0.398" errors="0">
  <testcase name="MobilesignoutcarLoan" time="0.03" classname="test.day3"/>
  <testcase name="MobilesignoutcarLoan" time="0.004" classname="test.day3"/>
  <testcase name="MobilesignoutcarLoan" time="0.004" classname="test.day3"/>
  <testcase name="WebloginCarLoan" time="0.0" classname="test.day3">
    <failure type="org.testng.TestNGException" message="
Parameter &amp;apos;URL&amp;apos; is required by @Test on method WebloginCarLoan but has not been marked @Optional or defined
in D:\Rahul\section 20 testng\TestNGTutorial\testng4.xml">
      <![CDATA[org.testng.TestNGException: 
Parameter 'URL' is required by @Test on method WebloginCarLoan but has not been marked @Optional or defined
in D:\Rahul\section 20 testng\TestNGTutorial\testng4.xml
at java.util.ArrayList.forEach(Unknown Source)
... Removed 26 stack frames]]>
    </failure>
  </testcase> <!-- WebloginCarLoan -->
  <testcase name="MobileLogincarLoan" time="0.004" classname="test.day3"/>
  <testcase name="APIcarLoan" time="0.0" classname="test.day3">
    <skipped/>
  </testcase> <!-- APIcarLoan -->
  <testcase name="ploan" time="0.004" classname="test.day2"/>
  <testcase name="LoginAPIHomeLoan" time="0.012" classname="test.day4"/>
  <testcase name="MobileLoginHomeLoan" time="0.004" classname="test.day4"/>
  <testcase name="WebloginHomeLoan" time="0.0" classname="test.day4">
    <failure type="org.testng.TestNGException" message="
Parameter &amp;apos;URL&amp;apos; is required by @Test on method WebloginHomeLoan but has not been marked @Optional or defined
in D:\Rahul\section 20 testng\TestNGTutorial\testng4.xml">
      <![CDATA[org.testng.TestNGException: 
Parameter 'URL' is required by @Test on method WebloginHomeLoan but has not been marked @Optional or defined
in D:\Rahul\section 20 testng\TestNGTutorial\testng4.xml
at java.util.ArrayList.forEach(Unknown Source)
... Removed 26 stack frames]]>
    </failure>
  </testcase> <!-- WebloginHomeLoan -->
  <testcase name="Demo" time="0.048" classname="test.day1">
    <failure type="java.lang.AssertionError" message="expected [true] but found [false]">
      <![CDATA[java.lang.AssertionError: expected [true] but found [false]
at test.day1.Demo(day1.java:22)
at java.util.ArrayList.forEach(Unknown Source)
... Removed 31 stack frames]]>
    </failure>
  </testcase> <!-- Demo -->
  <testcase name="SecondTest" time="0.0" classname="test.day1"/>
  <testcase name="MobilesignimcarLoan" time="0.0" classname="test.day3">
    <ignored/>
  </testcase> <!-- MobilesignimcarLoan -->
</testsuite> <!-- Test -->
